[2026-02-01 05:27:04] [溢价告警] 钢铁LOF(168203) 溢价率: 12.78% (阈值: 10.0%)
[2026-02-01 05:29:34] [溢价告警] 国富恒利债券LOF(164509) 溢价率: 10.42% (阈值: 10.0%)
[2026-02-01 05:30:51] [溢价告警] 石油LOF(162719) 溢价率: 32.57% (阈值: 10.0%)
[2026-02-01 05:31:26] [溢价告警] 金鹰元盛债券LOF(162108) 溢价率: 10.10% (阈值: 10.0%)
[2026-02-01 05:33:01] [溢价告警] 国投资源LOF(161217) 溢价率: 10.48% (阈值: 10.0%)
[2026-02-01 05:33:14] [溢价告警] 原油LOF易方达(161129) 溢价率: 13.14% (阈值: 10.0%)
[2026-02-01 05:36:28] [溢价告警] 石油基金LOF(160416) 溢价率: 32.84% (阈值: 10.0%)
[2026-02-01 05:38:37] [溢价告警] 行业轮动FOF(501220) 溢价率: 15.45% (阈值: 10.0%)
[2026-02-01 05:42:21] [溢价告警] 南方原油LOF(501018) 溢价率: 26.14% (阈值: 10.0%)
[2026-02-01 06:09:41] [溢价告警] 钢铁LOF(168203) 溢价率: 12.78% (阈值: 10.0%)
[2026-02-01 06:11:11] [溢价告警] 国富恒利债券LOF(164509) 溢价率: 10.42% (阈值: 10.0%)
[2026-02-01 06:12:03] [溢价告警] 石油LOF(162719) 溢价率: 32.57% (阈值: 10.0%)
[2026-02-01 06:12:31] [溢价告警] 金鹰元盛债券LOF(162108) 溢价率: 10.10% (阈值: 10.0%)
[2026-02-01 06:13:32] [溢价告警] 国投资源LOF(161217) 溢价率: 10.48% (阈值: 10.0%)
[2026-02-01 06:13:39] [溢价告警] 原油LOF易方达(161129) 溢价率: 13.14% (阈值: 10.0%)
[2026-02-01 06:16:43] [溢价告警] 石油基金LOF(160416) 溢价率: 32.84% (阈值: 10.0%)
[2026-02-01 06:18:55] [溢价告警] 行业轮动FOF(501220) 溢价率: 15.45% (阈值: 10.0%)
[2026-02-01 06:21:28] [溢价告警] 南方原油LOF(501018) 溢价率: 26.14% (阈值: 10.0%)
[2026-02-01 06:48:17] [溢价告警] 钢铁LOF(168203) 溢价率: 12.78% (阈值: 10.0%)
[2026-02-01 06:49:49] [溢价告警] 国富恒利债券LOF(164509) 溢价率: 10.42% (阈值: 10.0%)
[2026-02-01 06:50:39] [溢价告警] 石油LOF(162719) 溢价率: 32.57% (阈值: 10.0%)
[2026-02-01 06:51:00] [溢价告警] 金鹰元盛债券LOF(162108) 溢价率: 10.10% (阈值: 10.0%)
[2026-02-01 06:52:08] [溢价告警] 国投资源LOF(161217) 溢价率: 10.48% (阈值: 10.0%)
[2026-02-01 06:52:16] [溢价告警] 原油LOF易方达(161129) 溢价率: 13.14% (阈值: 10.0%)
[2026-02-01 06:54:54] [溢价告警] 石油基金LOF(160416) 溢价率: 32.84% (阈值: 10.0%)
[2026-02-01 06:56:38] [溢价告警] 行业轮动FOF(501220) 溢价率: 15.45% (阈值: 10.0%)
[2026-02-01 06:59:08] [溢价告警] 南方原油LOF(501018) 溢价率: 26.14% (阈值: 10.0%)
[2026-02-01 07:33:10] [溢价告警] 钢铁LOF(168203) 溢价率: 12.78% (阈值: 10.0%)
[2026-02-01 07:34:35] [溢价告警] 国富恒利债券LOF(164509) 溢价率: 10.42% (阈值: 10.0%)
[2026-02-01 07:35:14] [溢价告警] 石油LOF(162719) 溢价率: 32.57% (阈值: 10.0%)
[2026-02-01 07:35:32] [溢价告警] 金鹰元盛债券LOF(162108) 溢价率: 10.10% (阈值: 10.0%)
[2026-02-01 07:36:24] [溢价告警] 国投资源LOF(161217) 溢价率: 10.48% (阈值: 10.0%)
[2026-02-01 07:36:32] [溢价告警] 原油LOF易方达(161129) 溢价率: 13.14% (阈值: 10.0%)
[2026-02-01 07:38:31] [溢价告警] 石油基金LOF(160416) 溢价率: 32.84% (阈值: 10.0%)
[2026-02-01 07:39:56] [溢价告警] 行业轮动FOF(501220) 溢价率: 15.45% (阈值: 10.0%)
[2026-02-01 07:42:04] [溢价告警] 南方原油LOF(501018) 溢价率: 26.14% (阈值: 10.0%)
[2026-02-01 14:07:35] [溢价告警] 钢铁LOF(168203) 溢价率: 12.78% (阈值: 10.0%)
[2026-02-01 14:11:38] [溢价告警] 国富恒利债券LOF(164509) 溢价率: 10.42% (阈值: 10.0%)
[2026-02-01 14:13:42] [溢价告警] 石油LOF(162719) 溢价率: 32.57% (阈值: 10.0%)
[2026-02-01 14:15:06] [溢价告警] 金鹰元盛债券LOF(162108) 溢价率: 10.10% (阈值: 10.0%)
[2026-02-01 14:17:34] [溢价告警] 国投资源LOF(161217) 溢价率: 10.48% (阈值: 10.0%)
[2026-02-01 14:17:58] [溢价告警] 原油LOF易方达(161129) 溢价率: 13.14% (阈值: 10.0%)
[2026-02-01 14:22:38] [溢价告警] 石油基金LOF(160416) 溢价率: 32.84% (阈值: 10.0%)
[2026-02-01 14:25:37] [溢价告警] 行业轮动FOF(501220) 溢价率: 15.45% (阈值: 10.0%)
[2026-02-01 14:30:07] [溢价告警] 南方原油LOF(501018) 溢价率: 26.14% (阈值: 10.0%)
[2026-02-02 04:40:33] [溢价告警] 石油LOF(162719) 溢价率: 19.29% (阈值: 10.0%)
[2026-02-02 04:43:02] [溢价告警] 国投白银LOF(161226) 溢价率: 43.80% (阈值: 10.0%)
[2026-02-02 04:47:23] [溢价告警] 石油基金LOF(160416) 溢价率: 19.53% (阈值: 10.0%)
[2026-02-02 04:52:59] [溢价告警] 南方原油LOF(501018) 溢价率: 13.54% (阈值: 10.0%)
[2026-02-02 07:00:19] [溢价告警] 石油LOF(162719) 溢价率: 19.29% (阈值: 10.0%)
[2026-02-02 07:01:59] [溢价告警] 国投白银LOF(161226) 溢价率: 43.80% (阈值: 10.0%)
[2026-02-02 07:05:30] [溢价告警] 石油基金LOF(160416) 溢价率: 19.53% (阈值: 10.0%)
[2026-02-02 07:10:07] [溢价告警] 南方原油LOF(501018) 溢价率: 13.54% (阈值: 10.0%)
[2026-02-03 03:21:27] [溢价告警] 国投白银LOF(161226) 溢价率: 88.94% (阈值: 10.0%)
[2026-02-03 05:10:40] [溢价告警] 国投白银LOF(161226) 溢价率: 88.94% (阈值: 10.0%)
[2026-02-03 05:34:38] [溢价告警] 国投白银LOF(161226) 溢价率: 88.94% (阈值: 10.0%)
[2026-02-04 03:14:40] [溢价告警] 国投白银LOF(161226) 溢价率: 64.60% (阈值: 10.0%)
[2026-02-04 05:23:19] [溢价告警] 国投白银LOF(161226) 溢价率: 64.60% (阈值: 10.0%)
[2026-02-05 03:16:55] [溢价告警] 国投白银LOF(161226) 溢价率: 37.13% (阈值: 10.0%)
[2026-02-05 05:39:32] [溢价告警] 国投白银LOF(161226) 溢价率: 37.13% (阈值: 10.0%)
[2026-02-06 03:13:42] [溢价告警] 国投白银LOF(161226) 溢价率: 28.73% (阈值: 10.0%)
[2026-02-06 03:18:12] [溢价告警] 全球芯片LOF(501225) 溢价率: 11.68% (阈值: 10.0%)
[2026-02-06 05:38:41] [溢价告警] 国投白银LOF(161226) 溢价率: 28.73% (阈值: 10.0%)
[2026-02-06 05:44:31] [溢价告警] 全球芯片LOF(501225) 溢价率: 10.74% (阈值: 10.0%)
[2026-02-07 02:55:44] [溢价告警] 国投白银LOF(161226) 溢价率: 49.05% (阈值: 10.0%)
[2026-02-07 03:01:51] [溢价告警] 全球芯片LOF(501225) 溢价率: 10.60% (阈值: 10.0%)
[2026-02-07 05:17:57] [溢价告警] 国投白银LOF(161226) 溢价率: 49.05% (阈值: 10.0%)
[2026-02-07 05:23:31] [溢价告警] 全球芯片LOF(501225) 溢价率: 10.60% (阈值: 10.0%)
[2026-02-08 03:41:00] [溢价告警] 国投白银LOF(161226) 溢价率: 49.05% (阈值: 10.0%)
[2026-02-08 03:47:28] [溢价告警] 全球芯片LOF(501225) 溢价率: 10.60% (阈值: 10.0%)
[2026-02-08 05:46:08] [溢价告警] 国投白银LOF(161226) 溢价率: 49.05% (阈值: 10.0%)
[2026-02-08 05:51:17] [溢价告警] 全球芯片LOF(501225) 溢价率: 10.60% (阈值: 10.0%)
[2026-02-08 08:23:02] [溢价告警] 国投白银LOF(161226) 溢价率: 49.05% (阈值: 10.0%)
[2026-02-08 08:28:09] [溢价告警] 全球芯片LOF(501225) 溢价率: 10.60% (阈值: 10.0%)
[2026-02-08 08:44:24] [溢价告警] 国投白银LOF(161226) 溢价率: 49.05% (阈值: 10.0%)
[2026-02-08 08:48:36] [溢价告警] 全球芯片LOF(501225) 溢价率: 10.60% (阈值: 10.0%)
[2026-02-08 09:06:01] [折价告警] 中欧创业定开(166027) 折价率: 4.06% (阈值: 4.0%)
[2026-02-08 09:06:08] [折价告警] 中欧远见定开(166025) 折价率: 5.56% (阈值: 4.0%)
[2026-02-08 09:09:12] [折价告警] 广发创业板定开(162720) 折价率: 5.43% (阈值: 4.0%)
[2026-02-08 09:09:47] [折价告警] 创业板2年定开(161914) 折价率: 5.59% (阈值: 4.0%)
[2026-02-08 09:10:22] [溢价告警] 招商丰泰LOF(161722) 溢价率: 6.64% (阈值: 4.0%)
[2026-02-08 09:10:57] [溢价告警] 国投白银LOF(161226) 溢价率: 49.05% (阈值: 4.0%)
[2026-02-08 09:11:10] [溢价告警] 优势回报FOF-LOF(161133) 溢价率: 4.64% (阈值: 4.0%)
[2026-02-08 09:11:14] [折价告警] 易方达科顺定开(161132) 折价率: 4.85% (阈值: 4.0%)
[2026-02-08 09:11:19] [溢价告警] 原油LOF易方达(161129) 溢价率: 4.52% (阈值: 4.0%)
[2026-02-08 09:16:04] [折价告警] 科创板长城(506008) 折价率: 8.71% (阈值: 4.0%)
[2026-02-08 09:16:07] [折价告警] 汇添富科创板(506006) 折价率: 6.25% (阈值: 4.0%)
[2026-02-08 09:16:10] [折价告警] 科创板博时(506005) 折价率: 5.65% (阈值: 4.0%)
[2026-02-08 09:16:12] [折价告警] 富国科创板(506003) 折价率: 5.90% (阈值: 4.0%)
[2026-02-08 09:16:14] [折价告警] 易方达科创板(506002) 折价率: 5.72% (阈值: 4.0%)
[2026-02-08 09:16:16] [折价告警] 万家科创板(506001) 折价率: 4.93% (阈值: 4.0%)
[2026-02-08 09:16:19] [折价告警] 科创板基金(506000) 折价率: 7.35% (阈值: 4.0%)
[2026-02-08 09:16:57] [溢价告警] 全球芯片LOF(501225) 溢价率: 10.60% (阈值: 4.0%)
[2026-02-08 09:18:05] [折价告警] 嘉实瑞虹(501088) 折价率: 7.35% (阈值: 4.0%)
[2026-02-08 09:18:24] [折价告警] 广发睿阳(501070) 折价率: 5.99% (阈值: 4.0%)
[2026-02-08 09:18:26] [折价告警] 经典成长(501065) 折价率: 5.68% (阈值: 4.0%)
[2026-02-08 09:18:32] [折价告警] 南方瑞合LOF(501062) 折价率: 4.82% (阈值: 4.0%)
[2026-02-08 09:18:52] [折价告警] 财通福鑫定开混合(501046) 折价率: 4.34% (阈值: 4.0%)
[2026-02-08 09:18:58] [折价告警] 银华明择(501038) 折价率: 5.25% (阈值: 4.0%)
[2026-02-08 09:19:22] [溢价告警] 南方原油LOF(501018) 溢价率: 5.46% (阈值: 4.0%)
[2026-02-09 03:18:24] [溢价告警] 红土创新精选LOF(168401) 溢价率: 6.23% (阈值: 4.0%)
[2026-02-09 03:19:06] [折价告警] 中欧远见定开(166025) 折价率: 5.56% (阈值: 4.0%)
[2026-02-09 03:19:25] [溢价告警] 中信保诚鼎利LOF(165528) 溢价率: 4.35% (阈值: 4.0%)
[2026-02-09 03:22:38] [折价告警] 创业板2年定开(161914) 折价率: 4.10% (阈值: 4.0%)
[2026-02-09 03:22:44] [折价告警] 银华大盘定开(161837) 折价率: 5.04% (阈值: 4.0%)
[2026-02-09 03:23:16] [溢价告警] 招商丰泰LOF(161722) 溢价率: 10.29% (阈值: 4.0%)
[2026-02-09 03:23:42] [溢价告警] 国投白银LOF(161226) 溢价率: 57.95% (阈值: 4.0%)
[2026-02-09 03:23:57] [折价告警] 易方达科顺定开(161132) 折价率: 4.07% (阈值: 4.0%)
[2026-02-09 03:24:00] [溢价告警] 纳斯达克100LOF(161130) 溢价率: 4.12% (阈值: 4.0%)
[2026-02-09 03:24:03] [溢价告警] 原油LOF易方达(161129) 溢价率: 6.51% (阈值: 4.0%)
[2026-02-09 03:24:04] [溢价告警] 标普信息科技LOF(161128) 溢价率: 6.98% (阈值: 4.0%)
[2026-02-09 03:24:22] [溢价告警] 黄金主题LOF(161116) 溢价率: 4.53% (阈值: 4.0%)
[2026-02-09 03:27:54] [折价告警] 科创板长城(506008) 折价率: 7.29% (阈值: 4.0%)
[2026-02-09 03:27:56] [折价告警] 汇添富科创板(506006) 折价率: 4.12% (阈值: 4.0%)
[2026-02-09 03:27:59] [折价告警] 富国科创板(506003) 折价率: 4.26% (阈值: 4.0%)
[2026-02-09 03:28:03] [折价告警] 万家科创板(506001) 折价率: 4.27% (阈值: 4.0%)
[2026-02-09 03:28:05] [折价告警] 科创板基金(506000) 折价率: 5.60% (阈值: 4.0%)
[2026-02-09 03:28:25] [溢价告警] 海外科技LOF(501312) 溢价率: 5.97% (阈值: 4.0%)
[2026-02-09 03:28:41] [溢价告警] 全球芯片LOF(501225) 溢价率: 14.96% (阈值: 4.0%)
[2026-02-09 03:29:12] [溢价告警] 鹏华创新未来LOF(501205) 溢价率: 6.13% (阈值: 4.0%)
[2026-02-09 03:29:19] [溢价告警] 科创红土LOF(501201) 溢价率: 7.37% (阈值: 4.0%)
[2026-02-09 03:29:30] [溢价告警] 平安新兴产业LOF(501099) 溢价率: 4.03% (阈值: 4.0%)
[2026-02-09 03:29:50] [折价告警] 嘉实瑞虹(501088) 折价率: 6.29% (阈值: 4.0%)
[2026-02-09 03:30:08] [折价告警] 广发睿阳(501070) 折价率: 4.53% (阈值: 4.0%)
[2026-02-09 03:30:10] [折价告警] 经典成长(501065) 折价率: 5.10% (阈值: 4.0%)
[2026-02-09 03:30:48] [折价告警] 银华明择(501038) 折价率: 4.72% (阈值: 4.0%)
[2026-02-09 03:31:11] [溢价告警] 南方原油LOF(501018) 溢价率: 9.45% (阈值: 4.0%)
